CRITICAL - 2022-11-14 23:22:44 --> Class 'App\Model\UrlModel' not found
in APPPATH\Controllers\Url.php on line 8.
 1 SYSTEMPATH\CodeIgniter.php(927): App\Controllers\Url->index()
 2 SYSTEMPATH\CodeIgniter.php(482): CodeIgniter\CodeIgniter->runController(Object(App\Controllers\Url))
 3 SYSTEMPATH\CodeIgniter.php(351): CodeIgniter\CodeIgniter->handleRequest(null, Object(Config\Cache), false)
 4 FCPATH\index.php(67): CodeIgniter\CodeIgniter->run()
CRITICAL - 2022-11-14 23:22:47 --> Class 'App\Model\UrlModel' not found
in APPPATH\Controllers\Url.php on line 8.
 1 SYSTEMPATH\CodeIgniter.php(927): App\Controllers\Url->index()
 2 SYSTEMPATH\CodeIgniter.php(482): CodeIgniter\CodeIgniter->runController(Object(App\Controllers\Url))
 3 SYSTEMPATH\CodeIgniter.php(351): CodeIgniter\CodeIgniter->handleRequest(null, Object(Config\Cache), false)
 4 FCPATH\index.php(67): CodeIgniter\CodeIgniter->run()
CRITICAL - 2022-11-14 23:22:48 --> Class 'App\Model\UrlModel' not found
in APPPATH\Controllers\Url.php on line 8.
 1 SYSTEMPATH\CodeIgniter.php(927): App\Controllers\Url->index()
 2 SYSTEMPATH\CodeIgniter.php(482): CodeIgniter\CodeIgniter->runController(Object(App\Controllers\Url))
 3 SYSTEMPATH\CodeIgniter.php(351): CodeIgniter\CodeIgniter->handleRequest(null, Object(Config\Cache), false)
 4 FCPATH\index.php(67): CodeIgniter\CodeIgniter->run()
CRITICAL - 2022-11-14 23:22:48 --> Class 'App\Model\UrlModel' not found
in APPPATH\Controllers\Url.php on line 8.
 1 SYSTEMPATH\CodeIgniter.php(927): App\Controllers\Url->index()
 2 SYSTEMPATH\CodeIgniter.php(482): CodeIgniter\CodeIgniter->runController(Object(App\Controllers\Url))
 3 SYSTEMPATH\CodeIgniter.php(351): CodeIgniter\CodeIgniter->handleRequest(null, Object(Config\Cache), false)
 4 FCPATH\index.php(67): CodeIgniter\CodeIgniter->run()
CRITICAL - 2022-11-14 23:22:49 --> Class 'App\Model\UrlModel' not found
in APPPATH\Controllers\Url.php on line 8.
 1 SYSTEMPATH\CodeIgniter.php(927): App\Controllers\Url->index()
 2 SYSTEMPATH\CodeIgniter.php(482): CodeIgniter\CodeIgniter->runController(Object(App\Controllers\Url))
 3 SYSTEMPATH\CodeIgniter.php(351): CodeIgniter\CodeIgniter->handleRequest(null, Object(Config\Cache), false)
 4 FCPATH\index.php(67): CodeIgniter\CodeIgniter->run()
CRITICAL - 2022-11-14 23:27:17 --> Class 'App\Model\UrlModel' not found
in APPPATH\Controllers\Url.php on line 8.
 1 SYSTEMPATH\CodeIgniter.php(927): App\Controllers\Url->index()
 2 SYSTEMPATH\CodeIgniter.php(482): CodeIgniter\CodeIgniter->runController(Object(App\Controllers\Url))
 3 SYSTEMPATH\CodeIgniter.php(351): CodeIgniter\CodeIgniter->handleRequest(null, Object(Config\Cache), false)
 4 FCPATH\index.php(67): CodeIgniter\CodeIgniter->run()
CRITICAL - 2022-11-14 23:27:19 --> Class 'App\Model\UrlModel' not found
in APPPATH\Controllers\Url.php on line 8.
 1 SYSTEMPATH\CodeIgniter.php(927): App\Controllers\Url->index()
 2 SYSTEMPATH\CodeIgniter.php(482): CodeIgniter\CodeIgniter->runController(Object(App\Controllers\Url))
 3 SYSTEMPATH\CodeIgniter.php(351): CodeIgniter\CodeIgniter->handleRequest(null, Object(Config\Cache), false)
 4 FCPATH\index.php(67): CodeIgniter\CodeIgniter->run()
ERROR - 2022-11-14 23:50:32 --> Error connecting to the database: mysqli_sql_exception: Access denied for user 'root'@'localhost' (using password: YES) in C:\xampp\htdocs\ci4_basic\system\Database\MySQLi\Connection.php:171
Stack trace:
#0 C:\xampp\htdocs\ci4_basic\system\Database\MySQLi\Connection.php(171): mysqli->real_connect('localhost', 'root', 'root', 'ci4', 3306, '', 0)
#1 C:\xampp\htdocs\ci4_basic\system\Database\BaseConnection.php(382): CodeIgniter\Database\MySQLi\Connection->connect(false)
#2 C:\xampp\htdocs\ci4_basic\system\Database\BaseConnection.php(561): CodeIgniter\Database\BaseConnection->initialize()
#3 C:\xampp\htdocs\ci4_basic\system\Database\BaseBuilder.php(1585): CodeIgniter\Database\BaseConnection->query('SELECT *\nFROM `...', Array, false)
#4 C:\xampp\htdocs\ci4_basic\system\Model.php(223): CodeIgniter\Database\BaseBuilder->get()
#5 C:\xampp\htdocs\ci4_basic\system\BaseModel.php(585): CodeIgniter\Model->doFindAll(0, 0)
#6 C:\xampp\htdocs\ci4_basic\app\Models\UrlModel.php(9): CodeIgniter\BaseModel->findAll()
#7 C:\xampp\htdocs\ci4_basic\app\Controllers\Url.php(10): App\Models\UrlModel->getUrl()
#8 C:\xampp\htdocs\ci4_basic\system\CodeIgniter.php(927): App\Controllers\Url->index()
#9 C:\xampp\htdocs\ci4_basic\system\CodeIgniter.php(482): CodeIgniter\CodeIgniter->runController(Object(App\Controllers\Url))
#10 C:\xampp\htdocs\ci4_basic\system\CodeIgniter.php(351): CodeIgniter\CodeIgniter->handleRequest(NULL, Object(Config\Cache), false)
#11 C:\xampp\htdocs\ci4_basic\public\index.php(67): CodeIgniter\CodeIgniter->run()
#12 {main}

Next CodeIgniter\Database\Exceptions\DatabaseException: Access denied for user '****'@'localhost' (using password: YES) in C:\xampp\htdocs\ci4_basic\system\Database\MySQLi\Connection.php:215
Stack trace:
#0 C:\xampp\htdocs\ci4_basic\system\Database\BaseConnection.php(382): CodeIgniter\Database\MySQLi\Connection->connect(false)
#1 C:\xampp\htdocs\ci4_basic\system\Database\BaseConnection.php(561): CodeIgniter\Database\BaseConnection->initialize()
#2 C:\xampp\htdocs\ci4_basic\system\Database\BaseBuilder.php(1585): CodeIgniter\Database\BaseConnection->query('SELECT *\nFROM `...', Array, false)
#3 C:\xampp\htdocs\ci4_basic\system\Model.php(223): CodeIgniter\Database\BaseBuilder->get()
#4 C:\xampp\htdocs\ci4_basic\system\BaseModel.php(585): CodeIgniter\Model->doFindAll(0, 0)
#5 C:\xampp\htdocs\ci4_basic\app\Models\UrlModel.php(9): CodeIgniter\BaseModel->findAll()
#6 C:\xampp\htdocs\ci4_basic\app\Controllers\Url.php(10): App\Models\UrlModel->getUrl()
#7 C:\xampp\htdocs\ci4_basic\system\CodeIgniter.php(927): App\Controllers\Url->index()
#8 C:\xampp\htdocs\ci4_basic\system\CodeIgniter.php(482): CodeIgniter\CodeIgniter->runController(Object(App\Controllers\Url))
#9 C:\xampp\htdocs\ci4_basic\system\CodeIgniter.php(351): CodeIgniter\CodeIgniter->handleRequest(NULL, Object(Config\Cache), false)
#10 C:\xampp\htdocs\ci4_basic\public\index.php(67): CodeIgniter\CodeIgniter->run()
#11 {main}
CRITICAL - 2022-11-14 23:50:32 --> Unable to connect to the database.
Main connection [MySQLi]: Access denied for user '****'@'localhost' (using password: YES)
in SYSTEMPATH\Database\BaseConnection.php on line 418.
 1 SYSTEMPATH\Database\BaseConnection.php(561): CodeIgniter\Database\BaseConnection->initialize()
 2 SYSTEMPATH\Database\BaseBuilder.php(1585): CodeIgniter\Database\BaseConnection->query('SELECT *
FROM `url`', [], false)
 3 SYSTEMPATH\Model.php(223): CodeIgniter\Database\BaseBuilder->get()
 4 SYSTEMPATH\BaseModel.php(585): CodeIgniter\Model->doFindAll(0, 0)
 5 APPPATH\Models\UrlModel.php(9): CodeIgniter\BaseModel->findAll()
 6 APPPATH\Controllers\Url.php(10): App\Models\UrlModel->getUrl()
 7 SYSTEMPATH\CodeIgniter.php(927): App\Controllers\Url->index()
 8 SYSTEMPATH\CodeIgniter.php(482): CodeIgniter\CodeIgniter->runController(Object(App\Controllers\Url))
 9 SYSTEMPATH\CodeIgniter.php(351): CodeIgniter\CodeIgniter->handleRequest(null, Object(Config\Cache), false)
10 FCPATH\index.php(67): CodeIgniter\CodeIgniter->run()
CRITICAL - 2022-11-14 23:52:02 --> syntax error, unexpected end of file
in APPPATH\Views\url\overviews.php on line 13.
 1 SYSTEMPATH\View\View.php(216): CodeIgniter\View\View->CodeIgniter\View\{closure}()
 2 SYSTEMPATH\Common.php(1134): CodeIgniter\View\View->render('url/overviews', [], true)
 3 APPPATH\Controllers\Url.php(15): view('url/overviews', [...])
 4 SYSTEMPATH\CodeIgniter.php(927): App\Controllers\Url->index()
 5 SYSTEMPATH\CodeIgniter.php(482): CodeIgniter\CodeIgniter->runController(Object(App\Controllers\Url))
 6 SYSTEMPATH\CodeIgniter.php(351): CodeIgniter\CodeIgniter->handleRequest(null, Object(Config\Cache), false)
 7 FCPATH\index.php(67): CodeIgniter\CodeIgniter->run()
CRITICAL - 2022-11-14 23:52:43 --> Invalid argument supplied for foreach()
in APPPATH\Views\url\overviews.php on line 6.
 1 APPPATH\Views\url\overviews.php(6): CodeIgniter\Debug\Exceptions->errorHandler(2, 'Invalid argument supplied for foreach()', 'APPPATH\\Views\\url\\overviews.php', 6, [...])
 2 SYSTEMPATH\View\View.php(213): include('APPPATH\\Views\\url\\overviews.php')
 3 SYSTEMPATH\View\View.php(216): CodeIgniter\View\View->CodeIgniter\View\{closure}()
 4 SYSTEMPATH\Common.php(1134): CodeIgniter\View\View->render('url/overviews', [], true)
 5 APPPATH\Controllers\Url.php(15): view('url/overviews', [...])
 6 SYSTEMPATH\CodeIgniter.php(927): App\Controllers\Url->index()
 7 SYSTEMPATH\CodeIgniter.php(482): CodeIgniter\CodeIgniter->runController(Object(App\Controllers\Url))
 8 SYSTEMPATH\CodeIgniter.php(351): CodeIgniter\CodeIgniter->handleRequest(null, Object(Config\Cache), false)
 9 FCPATH\index.php(67): CodeIgniter\CodeIgniter->run()
CRITICAL - 2022-11-14 23:52:44 --> Invalid argument supplied for foreach()
in APPPATH\Views\url\overviews.php on line 6.
 1 APPPATH\Views\url\overviews.php(6): CodeIgniter\Debug\Exceptions->errorHandler(2, 'Invalid argument supplied for foreach()', 'APPPATH\\Views\\url\\overviews.php', 6, [...])
 2 SYSTEMPATH\View\View.php(213): include('APPPATH\\Views\\url\\overviews.php')
 3 SYSTEMPATH\View\View.php(216): CodeIgniter\View\View->CodeIgniter\View\{closure}()
 4 SYSTEMPATH\Common.php(1134): CodeIgniter\View\View->render('url/overviews', [], true)
 5 APPPATH\Controllers\Url.php(15): view('url/overviews', [...])
 6 SYSTEMPATH\CodeIgniter.php(927): App\Controllers\Url->index()
 7 SYSTEMPATH\CodeIgniter.php(482): CodeIgniter\CodeIgniter->runController(Object(App\Controllers\Url))
 8 SYSTEMPATH\CodeIgniter.php(351): CodeIgniter\CodeIgniter->handleRequest(null, Object(Config\Cache), false)
 9 FCPATH\index.php(67): CodeIgniter\CodeIgniter->run()
CRITICAL - 2022-11-14 23:52:45 --> Invalid argument supplied for foreach()
in APPPATH\Views\url\overviews.php on line 6.
 1 APPPATH\Views\url\overviews.php(6): CodeIgniter\Debug\Exceptions->errorHandler(2, 'Invalid argument supplied for foreach()', 'APPPATH\\Views\\url\\overviews.php', 6, [...])
 2 SYSTEMPATH\View\View.php(213): include('APPPATH\\Views\\url\\overviews.php')
 3 SYSTEMPATH\View\View.php(216): CodeIgniter\View\View->CodeIgniter\View\{closure}()
 4 SYSTEMPATH\Common.php(1134): CodeIgniter\View\View->render('url/overviews', [], true)
 5 APPPATH\Controllers\Url.php(15): view('url/overviews', [...])
 6 SYSTEMPATH\CodeIgniter.php(927): App\Controllers\Url->index()
 7 SYSTEMPATH\CodeIgniter.php(482): CodeIgniter\CodeIgniter->runController(Object(App\Controllers\Url))
 8 SYSTEMPATH\CodeIgniter.php(351): CodeIgniter\CodeIgniter->handleRequest(null, Object(Config\Cache), false)
 9 FCPATH\index.php(67): CodeIgniter\CodeIgniter->run()
